{"HUB_ID":"14DB46","TEMP":26,"HUMI":84,"LIGHT":192,"WATER_EMPTY":"NO","RSSI":96}
{"HUB_ID":"14DB46","TEMP":25,"HUMI":84,"LIGHT":200,"WATER_EMPTY":"NO","RSSI":96}
{"HUB_ID":"14DB46","TEMP":25,"HUMI":84,"LIGHT":190,"WATER_EMPTY":"NO","RSSI":96}
{"HUB_ID":"14DB46","TEMP":25,"HUMI":84,"LIGHT":185,"WATER_EMPTY":"NO","RSSI":94}
{"MES_ID":"HW-161","HUB_ID":"14DB46","TIMESTAMP":1542877648,"TYPE":"NOTIFY","MIST":"off","FAN":"off","LIGHT":"off"}
{"HUB_ID":"14DB46","TEMP":25,"HUMI":85,"LIGHT":186,"WATER_EMPTY":"NO","RSSI":94}
{"HUB_ID":"14DB46","TEMP":25,"HUMI":85,"LIGHT":128,"WATER_EMPTY":"NO","RSSI":90}
{"MES_ID":"HW-162","HUB_ID":"14DB46","TIMESTAMP":1542877678,"TYPE":"NOTIFY","MIST":"off","FAN":"off","LIGHT":"on"}
{"HUB_ID":"14DB46","TEMP":26,"HUMI":85,"LIGHT":216,"WATER_EMPTY":"NO","RSSI":90}
{"HUB_ID":"14DB46","TEMP":26,"HUMI":85,"LIGHT":216,"WATER_EMPTY":"NO","RSSI":90}
{"MES_ID":"HW-162","HUB_ID":"14DB46","TIMESTAMP":1542877678,"TYPE":"NOTIFY","MIST":"off","FAN":"off","LIGHT":"on"}
{"HUB_ID":"14DB46","TEMP":26,"HUMI":85,"LIGHT":215,"WATER_EMPTY":"NO","RSSI":94}
{"HUB_ID":"14DB46","TEMP":26,"HUMI":86,"LIGHT":215,"WATER_EMPTY":"NO","RSSI":96}
{"HUB_ID":"14DB46","TEMP":26,"HUMI":86,"LIGHT":215,"WATER_EMPTY":"NO","RSSI":96}
{"MES_ID":"HW-162","HUB_ID":"14DB46","TIMESTAMP":1542877678,"TYPE":"NOTIFY","MIST":"off","FAN":"off","LIGHT":"on"}
{"HUB_ID":"14DB46","TEMP":26,"HUMI":86,"LIGHT":207,"WATER_EMPTY":"NO","RSSI":98}
{"HUB_ID":"14DB46","TEMP":26,"HUMI":86,"LIGHT":215,"WATER_EMPTY":"NO","RSSI":90}
{"MES_ID":"HW-163","HUB_ID":"14DB46","TIMESTAMP":1542877842,"TYPE":"RESPONSE","MIST":"off","FAN":"on","LIGHT":"on"}
{"MES_ID":"HW-164","HUB_ID":"14DB46","TIMESTAMP":1542877843,"TYPE":"RESPONSE","MIST":"off","FAN":"off","LIGHT":"on"}
{"MES_ID":"HW-165","HUB_ID":"14DB46","TIMESTAMP":1542877844,"TYPE":"RESPONSE","MIST":"on","FAN":"off","LIGHT":"on"}
{"MES_ID":"HW-166","HUB_ID":"14DB46","TIMESTAMP":1542877845,"TYPE":"RESPONSE","MIST":"off","FAN":"off","LIGHT":"on"}
{"MES_ID":"HW-167","HUB_ID":"14DB46","TIMESTAMP":1542877846,"TYPE":"RESPONSE","MIST":"on","FAN":"off","LIGHT":"on"}
{"MES_ID":"HW-168","HUB_ID":"14DB46","TIMESTAMP":1542877847,"TYPE":"RESPONSE","MIST":"off","FAN":"off","LIGHT":"on"}
{"HUB_ID":"14DB46","TEMP":26,"HUMI":87,"LIGHT":213,"WATER_EMPTY":"NO","RSSI":96}
{"HUB_ID":"14DB46","TEMP":26,"HUMI":86,"LIGHT":186,"WATER_EMPTY":"NO","RSSI":94}
{"HUB_ID":"14DB46","TEMP":26,"HUMI":86,"LIGHT":186,"WATER_EMPTY":"NO","RSSI":92}
{"HUB_ID":"14DB46","TEMP":26,"HUMI":86,"LIGHT":185,"WATER_EMPTY":"NO","RSSI":94}
{"HUB_ID":"14DB46","TEMP":26,"HUMI":86,"LIGHT":185,"WATER_EMPTY":"NO","RSSI":94}
{"MES_ID":"HW-168","HUB_ID":"14DB46","TIMESTAMP":1542877847,"TYPE":"RESPONSE","MIST":"off","FAN":"off","LIGHT":"on"}
{"HUB_ID":"14DB46","TEMP":26,"HUMI":86,"LIGHT":184,"WATER_EMPTY":"NO","RSSI":96}
{"HUB_ID":"14DB46","TEMP":26,"HUMI":86,"LIGHT":187,"WATER_EMPTY":"NO","RSSI":96}
{"HUB_ID":"14DB46","TEMP":26,"HUMI":86,"LIGHT":183,"WATER_EMPTY":"NO","RSSI":96}
{"HUB_ID":"14DB46","TEMP":26,"HUMI":86,"LIGHT":183,"WATER_EMPTY":"NO","RSSI":92}
{"HUB_ID":"14DB46","TEMP":26,"HUMI":86,"LIGHT":183,"WATER_EMPTY":"NO","RSSI":92}
{"MES_ID":"HW-168","HUB_ID":"14DB46","TIMESTAMP":1542877847,"TYPE":"RESPONSE","MIST":"off","FAN":"off","LIGHT":"on"}
{"HUB_ID":"14DB46","TEMP":26,"HUMI":86,"LIGHT":185,"WATER_EMPTY":"NO","RSSI":88}
{"HUB_ID":"14DB46","TEMP":26,"HUMI":86,"LIGHT":188,"WATER_EMPTY":"NO","RSSI":94}
{"HUB_ID":"14DB46","TEMP":26,"HUMI":86,"LIGHT":206,"WATER_EMPTY":"NO","RSSI":96}
{"MES_ID":"HW-169","HUB_ID":"14DB46","TIMESTAMP":1542877931,"TYPE":"RESPONSE","MIST":"on","FAN":"off","LIGHT":"on"}
{"HUB_ID":"14DB46","TEMP":26,"HUMI":87,"LIGHT":182,"WATER_EMPTY":"NO","RSSI":96}
{"HUB_ID":"14DB46","TEMP":26,"HUMI":87,"LIGHT":184,"WATER_EMPTY":"NO","RSSI":92}
{"HUB_ID":"14DB46","TEMP":26,"HUMI":87,"LIGHT":186,"WATER_EMPTY":"NO","RSSI":94}
{"HUB_ID":"14DB46","TEMP":26,"HUMI":87,"LIGHT":183,"WATER_EMPTY":"NO","RSSI":98}
{"MES_ID":"HW-170","HUB_ID":"14DB46","TIMESTAMP":1542877951,"TYPE":"RESPONSE","MIST":"off","FAN":"off","LIGHT":"on"}
{"HUB_ID":"14DB46","TEMP":26,"HUMI":87,"LIGHT":182,"WATER_EMPTY":"NO","RSSI":96}
{"HUB_ID":"14DB46","TEMP":26,"HUMI":87,"LIGHT":183,"WATER_EMPTY":"NO","RSSI":94}
{"HUB_ID":"14DB46","TEMP":26,"HUMI":87,"LIGHT":183,"WATER_EMPTY":"NO","RSSI":94}
{"HUB_ID":"14DB46","TEMP":26,"HUMI":87,"LIGHT":183,"WATER_EMPTY":"NO","RSSI":98}
{"HUB_ID":"14DB46","TEMP":26,"HUMI":87,"LIGHT":183,"WATER_EMPTY":"NO","RSSI":98}
{"HUB_ID":"14DB46","TEMP":26,"HUMI":88,"LIGHT":185,"WATER_EMPTY":"NO","RSSI":90}
{"HUB_ID":"14DB46","TEMP":26,"HUMI":88,"LIGHT":183,"WATER_EMPTY":"NO","RSSI":98}
{"HUB_ID":"14DB46","TEMP":26,"HUMI":88,"LIGHT":183,"WATER_EMPTY":"NO","RSSI":96}
{"HUB_ID":"14DB46","TEMP":26,"HUMI":88,"LIGHT":183,"WATER_EMPTY":"NO","RSSI":96}
{"HUB_ID":"14DB46","TEMP":26,"HUMI":88,"LIGHT":183,"WATER_EMPTY":"NO","RSSI":96}
{"HUB_ID":"14DB46","TEMP":26,"HUMI":88,"LIGHT":186,"WATER_EMPTY":"NO","RSSI":96}
{"HUB_ID":"14DB46","TEMP":26,"HUMI":88,"LIGHT":184,"WATER_EMPTY":"NO","RSSI":96}
{"HUB_ID":"14DB46","TEMP":26,"HUMI":88,"LIGHT":183,"WATER_EMPTY":"NO","RSSI":96}
{"HUB_ID":"14DB46","TEMP":26,"HUMI":88,"LIGHT":183,"WATER_EMPTY":"NO","RSSI":100}
{"HUB_ID":"14DB46","TEMP":26,"HUMI":88,"LIGHT":220,"WATER_EMPTY":"NO","RSSI":92}
{"MES_ID":"HW-170","HUB_ID":"14DB46","TIMESTAMP":1542877951,"TYPE":"RESPONSE","MIST":"off","FAN":"off","LIGHT":"on"}
{"HUB_ID":"14DB46","TEMP":27,"HUMI":88,"LIGHT":220,"WATER_EMPTY":"NO","RSSI":96}
{"HUB_ID":"14DB46","TEMP":27,"HUMI":88,"LIGHT":221,"WATER_EMPTY":"NO","RSSI":96}
{"HUB_ID":"14DB46","TEMP":27,"HUMI":88,"LIGHT":220,"WATER_EMPTY":"NO","RSSI":98}
{"HUB_ID":"14DB46","TEMP":27,"HUMI":88,"LIGHT":221,"WATER_EMPTY":"NO","RSSI":92}
{"HUB_ID":"14DB46","TEMP":27,"HUMI":88,"LIGHT":220,"WATER_EMPTY":"NO","RSSI":100}
{"HUB_ID":"14DB46","TEMP":27,"HUMI":88,"LIGHT":219,"WATER_EMPTY":"NO","RSSI":94}
{"HUB_ID":"14DB46","TEMP":27,"HUMI":88,"LIGHT":219,"WATER_EMPTY":"NO","RSSI":90}
{"HUB_ID":"14DB46","TEMP":27,"HUMI":88,"LIGHT":219,"WATER_EMPTY":"NO","RSSI":96}
{"HUB_ID":"14DB46","TEMP":27,"HUMI":88,"LIGHT":219,"WATER_EMPTY":"NO","RSSI":96}
{"HUB_ID":"14DB46","TEMP":27,"HUMI":88,"LIGHT":218,"WATER_EMPTY":"NO","RSSI":92}
{"HUB_ID":"14DB46","TEMP":27,"HUMI":88,"LIGHT":218,"WATER_EMPTY":"NO","RSSI":92}
{"MES_ID":"HW-170","HUB_ID":"14DB46","TIMESTAMP":1542877951,"TYPE":"RESPONSE","MIST":"off","FAN":"off","LIGHT":"on"}
{"HUB_ID":"14DB46","TEMP":27,"HUMI":88,"LIGHT":218,"WATER_EMPTY":"NO","RSSI":96}
{"HUB_ID":"14DB46","TEMP":27,"HUMI":88,"LIGHT":220,"WATER_EMPTY":"NO","RSSI":98}
{"HUB_ID":"14DB46","TEMP":27,"HUMI":88,"LIGHT":219,"WATER_EMPTY":"NO","RSSI":96}
{"HUB_ID":"14DB46","TEMP":27,"HUMI":88,"LIGHT":218,"WATER_EMPTY":"NO","RSSI":96}
{"MES_ID":"HW-171","HUB_ID":"14DB46","TIMESTAMP":1542878743,"TYPE":"NOTIFY","MIST":"off","FAN":"off","LIGHT":"on"}
{"HUB_ID":"14DB46","TEMP":27,"HUMI":88,"LIGHT":219,"WATER_EMPTY":"NO","RSSI":94}
{"HUB_ID":"14DB46","TEMP":27,"HUMI":88,"LIGHT":219,"WATER_EMPTY":"NO","RSSI":94}
{"HUB_ID":"14DB46","TEMP":27,"HUMI":87,"LIGHT":219,"WATER_EMPTY":"NO","RSSI":96}
{"HUB_ID":"14DB46","TEMP":27,"HUMI":86,"LIGHT":218,"WATER_EMPTY":"NO","RSSI":96}
{"HUB_ID":"14DB46","TEMP":27,"HUMI":85,"LIGHT":218,"WATER_EMPTY":"NO","RSSI":94}
{"HUB_ID":"14DB46","TEMP":26,"HUMI":85,"LIGHT":219,"WATER_EMPTY":"NO","RSSI":94}
{"HUB_ID":"14DB46","TEMP":26,"HUMI":85,"LIGHT":221,"WATER_EMPTY":"NO","RSSI":94}
{"MES_ID":"HW-172","HUB_ID":"14DB46","TIMESTAMP":1542878928,"TYPE":"NOTIFY","MIST":"off","FAN":"off","LIGHT":"on"}
{"HUB_ID":"14DB46","TEMP":26,"HUMI":85,"LIGHT":225,"WATER_EMPTY":"NO","RSSI":98}
{"HUB_ID":"14DB46","TEMP":26,"HUMI":85,"LIGHT":221,"WATER_EMPTY":"NO","RSSI":94}
{"HUB_ID":"14DB46","TEMP":26,"HUMI":86,"LIGHT":219,"WATER_EMPTY":"NO","RSSI":94}
{"HUB_ID":"14DB46","TEMP":26,"HUMI":86,"LIGHT":220,"WATER_EMPTY":"NO","RSSI":96}
{"HUB_ID":"14DB46","TEMP":26,"HUMI":86,"LIGHT":218,"WATER_EMPTY":"NO","RSSI":96}
{"HUB_ID":"14DB46","TEMP":26,"HUMI":87,"LIGHT":218,"WATER_EMPTY":"NO","RSSI":92}
{"MES_ID":"HW-172","HUB_ID":"14DB46","TIMESTAMP":1542878928,"TYPE":"NOTIFY","MIST":"off","FAN":"off","LIGHT":"on"}
{"HUB_ID":"14DB46","TEMP":26,"HUMI":87,"LIGHT":217,"WATER_EMPTY":"NO","RSSI":88}
{"HUB_ID":"14DB46","TEMP":26,"HUMI":87,"LIGHT":218,"WATER_EMPTY":"NO","RSSI":94}
{"HUB_ID":"14DB46","TEMP":26,"HUMI":87,"LIGHT":218,"WATER_EMPTY":"NO","RSSI":94}
{"HUB_ID":"14DB46","TEMP":26,"HUMI":87,"LIGHT":218,"WATER_EMPTY":"NO","RSSI":94}
{"MES_ID":"HW-172","HUB_ID":"14DB46","TIMESTAMP":1542878928,"TYPE":"NOTIFY","MIST":"off","FAN":"off","LIGHT":"on"}
{"HUB_ID":"14DB46","TEMP":26,"HUMI":87,"LIGHT":220,"WATER_EMPTY":"NO","RSSI":94}
{"HUB_ID":"14DB46","TEMP":26,"HUMI":87,"LIGHT":219,"WATER_EMPTY":"NO","RSSI":96}
{"HUB_ID":"14DB46","TEMP":26,"HUMI":87,"LIGHT":220,"WATER_EMPTY":"NO","RSSI":86}
{"HUB_ID":"14DB46","TEMP":26,"HUMI":87,"LIGHT":220,"WATER_EMPTY":"NO","RSSI":88}
