{"HUB_ID":"17C80","TEMP":27,"HUMI":70,"LIGHT":62,"WATER_EMPTY":"NO","RSSI":84}
{"HUB_ID":"17C80","TEMP":27,"HUMI":69,"LIGHT":63,"WATER_EMPTY":"NO","RSSI":82}
{"HUB_ID":"17C80","TEMP":27,"HUMI":70,"LIGHT":63,"WATER_EMPTY":"NO","RSSI":82}
{"HUB_ID":"17C80","TEMP":27,"HUMI":69,"LIGHT":65,"WATER_EMPTY":"NO","RSSI":84}
{"HUB_ID":"17C80","TEMP":27,"HUMI":70,"LIGHT":65,"WATER_EMPTY":"NO","RSSI":84}
{"HUB_ID":"17C80","TEMP":27,"HUMI":69,"LIGHT":84,"WATER_EMPTY":"NO","RSSI":82}
{"HUB_ID":"17C80","TEMP":27,"HUMI":70,"LIGHT":68,"WATER_EMPTY":"NO","RSSI":84}
{"HUB_ID":"17C80","TEMP":27,"HUMI":70,"LIGHT":68,"WATER_EMPTY":"NO","RSSI":84}
{"MES_ID":"HW-648","HUB_ID":"17C80","TIMESTAMP":1542877244,"TYPE":"NOTIFY","MIST":"off","FAN":"off","LIGHT":"on"}
{"HUB_ID":"17C80","TEMP":27,"HUMI":69,"LIGHT":48,"WATER_EMPTY":"NO","RSSI":84}
{"HUB_ID":"17C80","TEMP":27,"HUMI":69,"LIGHT":62,"WATER_EMPTY":"NO","RSSI":84}
{"HUB_ID":"17C80","TEMP":27,"HUMI":69,"LIGHT":58,"WATER_EMPTY":"NO","RSSI":82}
{"HUB_ID":"17C80","TEMP":27,"HUMI":69,"LIGHT":58,"WATER_EMPTY":"NO","RSSI":82}
{"MES_ID":"HW-648","HUB_ID":"17C80","TIMESTAMP":1542877244,"TYPE":"NOTIFY","MIST":"off","FAN":"off","LIGHT":"on"}
{"HUB_ID":"17C80","TEMP":27,"HUMI":69,"LIGHT":62,"WATER_EMPTY":"NO","RSSI":84}
{"MES_ID":"HW-649","HUB_ID":"17C80","TIMESTAMP":1542877823,"TYPE":"RESPONSE","MIST":"off","FAN":"off","LIGHT":"off"}
{"MES_ID":"HW-650","HUB_ID":"17C80","TIMESTAMP":1542877825,"TYPE":"RESPONSE","MIST":"off","FAN":"off","LIGHT":"on"}
{"HUB_ID":"17C80","TEMP":27,"HUMI":69,"LIGHT":36,"WATER_EMPTY":"NO","RSSI":90}
{"HUB_ID":"17C80","TEMP":27,"HUMI":69,"LIGHT":57,"WATER_EMPTY":"NO","RSSI":84}
{"MES_ID":"HW-651","HUB_ID":"17C80","TIMESTAMP":1542877831,"TYPE":"RESPONSE","MIST":"off","FAN":"on","LIGHT":"on"}
{"MES_ID":"HW-652","HUB_ID":"17C80","TIMESTAMP":1542877831,"TYPE":"RESPONSE","MIST":"off","FAN":"off","LIGHT":"on"}
{"MES_ID":"HW-653","HUB_ID":"17C80","TIMESTAMP":1542877833,"TYPE":"RESPONSE","MIST":"on","FAN":"off","LIGHT":"on"}
{"MES_ID":"HW-654","HUB_ID":"17C80","TIMESTAMP":1542877833,"TYPE":"RESPONSE","MIST":"off","FAN":"off","LIGHT":"on"}
{"HUB_ID":"17C80","TEMP":27,"HUMI":68,"LIGHT":56,"WATER_EMPTY":"NO","RSSI":84}
{"HUB_ID":"17C80","TEMP":27,"HUMI":68,"LIGHT":56,"WATER_EMPTY":"NO","RSSI":84}
{"HUB_ID":"17C80","TEMP":27,"HUMI":68,"LIGHT":58,"WATER_EMPTY":"NO","RSSI":84}
{"HUB_ID":"17C80","TEMP":27,"HUMI":68,"LIGHT":56,"WATER_EMPTY":"NO","RSSI":84}
{"HUB_ID":"17C80","TEMP":27,"HUMI":68,"LIGHT":55,"WATER_EMPTY":"NO","RSSI":86}
{"HUB_ID":"17C80","TEMP":27,"HUMI":68,"LIGHT":62,"WATER_EMPTY":"NO","RSSI":84}
{"HUB_ID":"17C80","TEMP":27,"HUMI":68,"LIGHT":62,"WATER_EMPTY":"NO","RSSI":84}
{"MES_ID":"HW-654","HUB_ID":"17C80","TIMESTAMP":1542877833,"TYPE":"RESPONSE","MIST":"off","FAN":"off","LIGHT":"on"}
{"HUB_ID":"17C80","TEMP":27,"HUMI":68,"LIGHT":57,"WATER_EMPTY":"NO","RSSI":84}
{"HUB_ID":"17C80","TEMP":27,"HUMI":68,"LIGHT":57,"WATER_EMPTY":"NO","RSSI":82}
{"HUB_ID":"17C80","TEMP":27,"HUMI":67,"LIGHT":60,"WATER_EMPTY":"NO","RSSI":88}
{"HUB_ID":"17C80","TEMP":27,"HUMI":67,"LIGHT":60,"WATER_EMPTY":"NO","RSSI":88}
{"MES_ID":"HW-654","HUB_ID":"17C80","TIMESTAMP":1542877833,"TYPE":"RESPONSE","MIST":"off","FAN":"off","LIGHT":"on"}
{"HUB_ID":"17C80","TEMP":27,"HUMI":68,"LIGHT":58,"WATER_EMPTY":"NO","RSSI":82}
{"HUB_ID":"17C80","TEMP":27,"HUMI":68,"LIGHT":59,"WATER_EMPTY":"NO","RSSI":82}
{"HUB_ID":"17C80","TEMP":27,"HUMI":68,"LIGHT":61,"WATER_EMPTY":"NO","RSSI":84}
{"HUB_ID":"17C80","TEMP":27,"HUMI":68,"LIGHT":70,"WATER_EMPTY":"NO","RSSI":84}
{"HUB_ID":"17C80","TEMP":27,"HUMI":67,"LIGHT":66,"WATER_EMPTY":"NO","RSSI":84}
{"HUB_ID":"17C80","TEMP":27,"HUMI":68,"LIGHT":66,"WATER_EMPTY":"NO","RSSI":84}
{"HUB_ID":"17C80","TEMP":27,"HUMI":68,"LIGHT":64,"WATER_EMPTY":"NO","RSSI":82}
{"HUB_ID":"17C80","TEMP":27,"HUMI":68,"LIGHT":64,"WATER_EMPTY":"NO","RSSI":84}
{"HUB_ID":"17C80","TEMP":27,"HUMI":68,"LIGHT":65,"WATER_EMPTY":"NO","RSSI":84}
{"HUB_ID":"17C80","TEMP":27,"HUMI":68,"LIGHT":65,"WATER_EMPTY":"NO","RSSI":84}
{"HUB_ID":"17C80","TEMP":27,"HUMI":68,"LIGHT":66,"WATER_EMPTY":"NO","RSSI":84}
{"HUB_ID":"17C80","TEMP":27,"HUMI":68,"LIGHT":66,"WATER_EMPTY":"NO","RSSI":84}
{"MES_ID":"HW-654","HUB_ID":"17C80","TIMESTAMP":1542877833,"TYPE":"RESPONSE","MIST":"off","FAN":"off","LIGHT":"on"}
{"HUB_ID":"17C80","TEMP":27,"HUMI":68,"LIGHT":60,"WATER_EMPTY":"NO","RSSI":84}
{"HUB_ID":"17C80","TEMP":27,"HUMI":68,"LIGHT":74,"WATER_EMPTY":"NO","RSSI":82}
{"HUB_ID":"17C80","TEMP":27,"HUMI":68,"LIGHT":73,"WATER_EMPTY":"NO","RSSI":84}
{"HUB_ID":"17C80","TEMP":27,"HUMI":67,"LIGHT":68,"WATER_EMPTY":"NO","RSSI":84}
{"HUB_ID":"17C80","TEMP":27,"HUMI":67,"LIGHT":64,"WATER_EMPTY":"NO","RSSI":84}
{"HUB_ID":"17C80","TEMP":27,"HUMI":66,"LIGHT":60,"WATER_EMPTY":"NO","RSSI":84}
{"HUB_ID":"17C80","TEMP":27,"HUMI":67,"LIGHT":57,"WATER_EMPTY":"NO","RSSI":84}
{"HUB_ID":"17C80","TEMP":27,"HUMI":67,"LIGHT":56,"WATER_EMPTY":"NO","RSSI":84}
{"HUB_ID":"17C80","TEMP":27,"HUMI":67,"LIGHT":56,"WATER_EMPTY":"NO","RSSI":82}
{"HUB_ID":"17C80","TEMP":27,"HUMI":67,"LIGHT":53,"WATER_EMPTY":"NO","RSSI":82}
{"HUB_ID":"17C80","TEMP":27,"HUMI":67,"LIGHT":53,"WATER_EMPTY":"NO","RSSI":82}
{"MES_ID":"HW-654","HUB_ID":"17C80","TIMESTAMP":1542877833,"TYPE":"RESPONSE","MIST":"off","FAN":"off","LIGHT":"on"}
{"HUB_ID":"17C80","TEMP":27,"HUMI":67,"LIGHT":52,"WATER_EMPTY":"NO","RSSI":82}
{"HUB_ID":"17C80","TEMP":27,"HUMI":67,"LIGHT":50,"WATER_EMPTY":"NO","RSSI":84}
{"HUB_ID":"17C80","TEMP":27,"HUMI":66,"LIGHT":49,"WATER_EMPTY":"NO","RSSI":84}
{"HUB_ID":"17C80","TEMP":27,"HUMI":66,"LIGHT":49,"WATER_EMPTY":"NO","RSSI":84}
{"MES_ID":"HW-655","HUB_ID":"17C80","TIMESTAMP":1542878731,"TYPE":"NOTIFY","MIST":"off","FAN":"off","LIGHT":"on"}
{"HUB_ID":"17C80","TEMP":27,"HUMI":65,"LIGHT":51,"WATER_EMPTY":"NO","RSSI":82}
{"HUB_ID":"17C80","TEMP":27,"HUMI":66,"LIGHT":49,"WATER_EMPTY":"NO","RSSI":82}
{"HUB_ID":"17C80","TEMP":27,"HUMI":67,"LIGHT":49,"WATER_EMPTY":"NO","RSSI":82}
{"HUB_ID":"17C80","TEMP":27,"HUMI":67,"LIGHT":47,"WATER_EMPTY":"NO","RSSI":82}
{"HUB_ID":"17C80","TEMP":27,"HUMI":68,"LIGHT":42,"WATER_EMPTY":"NO","RSSI":84}
{"HUB_ID":"17C80","TEMP":27,"HUMI":68,"LIGHT":48,"WATER_EMPTY":"NO","RSSI":84}
{"MES_ID":"HW-656","HUB_ID":"17C80","TIMESTAMP":1542878916,"TYPE":"NOTIFY","MIST":"off","FAN":"off","LIGHT":"on"}
{"HUB_ID":"17C80","TEMP":27,"HUMI":67,"LIGHT":49,"WATER_EMPTY":"NO","RSSI":84}
{"HUB_ID":"17C80","TEMP":27,"HUMI":68,"LIGHT":49,"WATER_EMPTY":"NO","RSSI":84}
{"HUB_ID":"17C80","TEMP":27,"HUMI":68,"LIGHT":49,"WATER_EMPTY":"NO","RSSI":82}
{"HUB_ID":"17C80","TEMP":27,"HUMI":68,"LIGHT":50,"WATER_EMPTY":"NO","RSSI":82}
{"HUB_ID":"17C80","TEMP":27,"HUMI":69,"LIGHT":51,"WATER_EMPTY":"NO","RSSI":84}
{"HUB_ID":"17C80","TEMP":27,"HUMI":68,"LIGHT":51,"WATER_EMPTY":"NO","RSSI":84}
{"HUB_ID":"17C80","TEMP":27,"HUMI":68,"LIGHT":47,"WATER_EMPTY":"NO","RSSI":84}
{"MES_ID":"HW-656","HUB_ID":"17C80","TIMESTAMP":1542878916,"TYPE":"NOTIFY","MIST":"off","FAN":"off","LIGHT":"on"}
{"HUB_ID":"17C80","TEMP":27,"HUMI":68,"LIGHT":65,"WATER_EMPTY":"NO","RSSI":84}
{"HUB_ID":"17C80","TEMP":27,"HUMI":68,"LIGHT":52,"WATER_EMPTY":"NO","RSSI":86}
{"HUB_ID":"17C80","TEMP":27,"HUMI":68,"LIGHT":52,"WATER_EMPTY":"NO","RSSI":84}
{"HUB_ID":"17C80","TEMP":27,"HUMI":68,"LIGHT":52,"WATER_EMPTY":"NO","RSSI":84}
{"MES_ID":"HW-656","HUB_ID":"17C80","TIMESTAMP":1542878916,"TYPE":"NOTIFY","MIST":"off","FAN":"off","LIGHT":"on"}
{"HUB_ID":"17C80","TEMP":27,"HUMI":68,"LIGHT":54,"WATER_EMPTY":"NO","RSSI":84}
{"HUB_ID":"17C80","TEMP":27,"HUMI":68,"LIGHT":57,"WATER_EMPTY":"NO","RSSI":84}
{"HUB_ID":"17C80","TEMP":27,"HUMI":68,"LIGHT":53,"WATER_EMPTY":"NO","RSSI":84}
{"HUB_ID":"17C80","TEMP":27,"HUMI":68,"LIGHT":58,"WATER_EMPTY":"NO","RSSI":84}
