{"MES_ID":"SS-3088","HUB_ID":"TUNAM","TEMP":28,"HUMI":85,"LIGHT":276,"WATER_EMPTY":"NO","RSSI":40,"TIMESTAMP":1542877519}
{"MES_ID":"SS-3089","HUB_ID":"TUNAM","TEMP":28,"HUMI":85,"LIGHT":275,"WATER_EMPTY":"NO","RSSI":38,"TIMESTAMP":1542877539}
{"MES_ID":"SS-3090","HUB_ID":"TUNAM","TEMP":28,"HUMI":85,"LIGHT":275,"WATER_EMPTY":"NO","RSSI":36,"TIMESTAMP":1542877560}
{"MES_ID":"SS-3091","HUB_ID":"TUNAM","TEMP":28,"HUMI":85,"LIGHT":276,"WATER_EMPTY":"NO","RSSI":36,"TIMESTAMP":1542877582}
{"MES_ID":"SS-3092","HUB_ID":"TUNAM","TEMP":28,"HUMI":85,"LIGHT":276,"WATER_EMPTY":"NO","RSSI":36,"TIMESTAMP":1542877605}
{"MES_ID":"SS-3093","HUB_ID":"TUNAM","TEMP":28,"HUMI":85,"LIGHT":276,"WATER_EMPTY":"NO","RSSI":42,"TIMESTAMP":1542877629}
{"MES_ID":"SS-3094","HUB_ID":"TUNAM","TEMP":28,"HUMI":85,"LIGHT":276,"WATER_EMPTY":"NO","RSSI":42,"TIMESTAMP":1542877654}
{"MES_ID":"SS-3095","HUB_ID":"TUNAM","TEMP":28,"HUMI":85,"LIGHT":275,"WATER_EMPTY":"NO","RSSI":38,"TIMESTAMP":1542877680}
{"MES_ID":"SS-3096","HUB_ID":"TUNAM","TEMP":28,"HUMI":85,"LIGHT":276,"WATER_EMPTY":"NO","RSSI":40,"TIMESTAMP":1542877707}
{"MES_ID":"SS-3096","HUB_ID":"TUNAM","TEMP":28,"HUMI":85,"LIGHT":276,"WATER_EMPTY":"NO","RSSI":40,"TIMESTAMP":1542877707}
{"MES_ID":"HW-591","HUB_ID":"TUNAM","TIMESTAMP":1542877330,"TYPE":"RESPONSE","MIST":"off","FAN":"off","LIGHT":"off"}
{"MES_ID":"SS-3097","HUB_ID":"TUNAM","TEMP":28,"HUMI":85,"LIGHT":275,"WATER_EMPTY":"NO","RSSI":36,"TIMESTAMP":1542877735}
{"MES_ID":"SS-3098","HUB_ID":"TUNAM","TEMP":28,"HUMI":85,"LIGHT":275,"WATER_EMPTY":"NO","RSSI":38,"TIMESTAMP":1542877764}
{"MES_ID":"SS-3098","HUB_ID":"TUNAM","TEMP":28,"HUMI":85,"LIGHT":275,"WATER_EMPTY":"NO","RSSI":38,"TIMESTAMP":1542877764}
{"MES_ID":"HW-591","HUB_ID":"TUNAM","TIMESTAMP":1542877330,"TYPE":"RESPONSE","MIST":"off","FAN":"off","LIGHT":"off"}
{"MES_ID":"HW-592","HUB_ID":"TUNAM","TIMESTAMP":1542877793,"TYPE":"RESPONSE","MIST":"off","FAN":"off","LIGHT":"on"}
{"MES_ID":"HW-593","HUB_ID":"TUNAM","TIMESTAMP":1542877794,"TYPE":"RESPONSE","MIST":"off","FAN":"off","LIGHT":"off"}
{"MES_ID":"HW-594","HUB_ID":"TUNAM","TIMESTAMP":1542877796,"TYPE":"RESPONSE","MIST":"off","FAN":"off","LIGHT":"on"}
{"MES_ID":"HW-595","HUB_ID":"TUNAM","TIMESTAMP":1542877796,"TYPE":"RESPONSE","MIST":"off","FAN":"off","LIGHT":"off"}
{"MES_ID":"HW-596","HUB_ID":"TUNAM","TIMESTAMP":1542877797,"TYPE":"RESPONSE","MIST":"off","FAN":"off","LIGHT":"on"}
{"MES_ID":"HW-597","HUB_ID":"TUNAM","TIMESTAMP":1542877797,"TYPE":"RESPONSE","MIST":"off","FAN":"off","LIGHT":"off"}
{"MES_ID":"HW-598","HUB_ID":"TUNAM","TIMESTAMP":1542877797,"TYPE":"RESPONSE","MIST":"off","FAN":"off","LIGHT":"on"}
{"MES_ID":"HW-599","HUB_ID":"TUNAM","TIMESTAMP":1542877797,"TYPE":"RESPONSE","MIST":"off","FAN":"off","LIGHT":"off"}
{"MES_ID":"HW-600","HUB_ID":"TUNAM","TIMESTAMP":1542877797,"TYPE":"RESPONSE","MIST":"off","FAN":"off","LIGHT":"on"}
{"MES_ID":"HW-601","HUB_ID":"TUNAM","TIMESTAMP":1542877798,"TYPE":"RESPONSE","MIST":"off","FAN":"off","LIGHT":"off"}
{"MES_ID":"SS-3099","HUB_ID":"TUNAM","TEMP":28,"HUMI":85,"LIGHT":275,"WATER_EMPTY":"NO","RSSI":40,"TIMESTAMP":1542877800}
{"MES_ID":"HW-602","HUB_ID":"TUNAM","TIMESTAMP":1542877801,"TYPE":"RESPONSE","MIST":"off","FAN":"on","LIGHT":"off"}
{"MES_ID":"HW-603","HUB_ID":"TUNAM","TIMESTAMP":1542877801,"TYPE":"RESPONSE","MIST":"off","FAN":"off","LIGHT":"off"}
{"MES_ID":"HW-604","HUB_ID":"TUNAM","TIMESTAMP":1542877802,"TYPE":"RESPONSE","MIST":"off","FAN":"on","LIGHT":"off"}
{"MES_ID":"HW-605","HUB_ID":"TUNAM","TIMESTAMP":1542877802,"TYPE":"RESPONSE","MIST":"off","FAN":"off","LIGHT":"off"}
{"MES_ID":"HW-606","HUB_ID":"TUNAM","TIMESTAMP":1542877803,"TYPE":"RESPONSE","MIST":"off","FAN":"on","LIGHT":"off"}
{"MES_ID":"HW-607","HUB_ID":"TUNAM","TIMESTAMP":1542877803,"TYPE":"RESPONSE","MIST":"off","FAN":"on","LIGHT":"off"}
{"MES_ID":"HW-608","HUB_ID":"TUNAM","TIMESTAMP":1542877804,"TYPE":"RESPONSE","MIST":"off","FAN":"off","LIGHT":"off"}
{"MES_ID":"HW-609","HUB_ID":"TUNAM","TIMESTAMP":1542877804,"TYPE":"RESPONSE","MIST":"off","FAN":"on","LIGHT":"off"}
{"MES_ID":"HW-610","HUB_ID":"TUNAM","TIMESTAMP":1542877804,"TYPE":"RESPONSE","MIST":"off","FAN":"off","LIGHT":"off"}
{"MES_ID":"SS-3100","HUB_ID":"TUNAM","TEMP":28,"HUMI":85,"LIGHT":275,"WATER_EMPTY":"NO","RSSI":38,"TIMESTAMP":1542877806}
{"MES_ID":"HW-611","HUB_ID":"TUNAM","TIMESTAMP":1542877807,"TYPE":"RESPONSE","MIST":"off","FAN":"on","LIGHT":"off"}
{"MES_ID":"HW-612","HUB_ID":"TUNAM","TIMESTAMP":1542877808,"TYPE":"RESPONSE","MIST":"off","FAN":"off","LIGHT":"off"}
{"MES_ID":"HW-613","HUB_ID":"TUNAM","TIMESTAMP":1542877809,"TYPE":"RESPONSE","MIST":"off","FAN":"on","LIGHT":"off"}
{"MES_ID":"HW-614","HUB_ID":"TUNAM","TIMESTAMP":1542877810,"TYPE":"RESPONSE","MIST":"off","FAN":"off","LIGHT":"off"}
{"MES_ID":"HW-615","HUB_ID":"TUNAM","TIMESTAMP":1542877811,"TYPE":"RESPONSE","MIST":"on","FAN":"off","LIGHT":"off"}
{"MES_ID":"HW-616","HUB_ID":"TUNAM","TIMESTAMP":1542877812,"TYPE":"RESPONSE","MIST":"off","FAN":"off","LIGHT":"off"}
{"MES_ID":"HW-617","HUB_ID":"TUNAM","TIMESTAMP":1542877813,"TYPE":"RESPONSE","MIST":"on","FAN":"off","LIGHT":"off"}
{"MES_ID":"HW-618","HUB_ID":"TUNAM","TIMESTAMP":1542877813,"TYPE":"RESPONSE","MIST":"off","FAN":"off","LIGHT":"off"}
{"MES_ID":"HW-619","HUB_ID":"TUNAM","TIMESTAMP":1542877814,"TYPE":"RESPONSE","MIST":"on","FAN":"off","LIGHT":"off"}
{"MES_ID":"HW-620","HUB_ID":"TUNAM","TIMESTAMP":1542877816,"TYPE":"RESPONSE","MIST":"off","FAN":"off","LIGHT":"off"}
{"MES_ID":"HW-621","HUB_ID":"TUNAM","TIMESTAMP":1542877816,"TYPE":"RESPONSE","MIST":"on","FAN":"off","LIGHT":"off"}
{"MES_ID":"HW-622","HUB_ID":"TUNAM","TIMESTAMP":1542877817,"TYPE":"RESPONSE","MIST":"off","FAN":"off","LIGHT":"off"}
{"MES_ID":"SS-3101","HUB_ID":"TUNAM","TEMP":28,"HUMI":85,"LIGHT":274,"WATER_EMPTY":"NO","RSSI":36,"TIMESTAMP":1542877819}
{"MES_ID":"SS-3102","HUB_ID":"TUNAM","TEMP":28,"HUMI":85,"LIGHT":273,"WATER_EMPTY":"NO","RSSI":38,"TIMESTAMP":1542877822}
{"MES_ID":"SS-3103","HUB_ID":"TUNAM","TEMP":28,"HUMI":85,"LIGHT":276,"WATER_EMPTY":"NO","RSSI":38,"TIMESTAMP":1542877826}
{"MES_ID":"SS-3104","HUB_ID":"TUNAM","TEMP":28,"HUMI":85,"LIGHT":276,"WATER_EMPTY":"NO","RSSI":36,"TIMESTAMP":1542877831}
{"MES_ID":"SS-3105","HUB_ID":"TUNAM","TEMP":28,"HUMI":85,"LIGHT":277,"WATER_EMPTY":"NO","RSSI":36,"TIMESTAMP":1542877837}
{"MES_ID":"SS-3106","HUB_ID":"TUNAM","TEMP":28,"HUMI":85,"LIGHT":277,"WATER_EMPTY":"NO","RSSI":34,"TIMESTAMP":1542877844}
{"MES_ID":"SS-3107","HUB_ID":"TUNAM","TEMP":28,"HUMI":85,"LIGHT":275,"WATER_EMPTY":"NO","RSSI":36,"TIMESTAMP":1542877852}
{"MES_ID":"SS-3108","HUB_ID":"TUNAM","TEMP":28,"HUMI":85,"LIGHT":274,"WATER_EMPTY":"NO","RSSI":36,"TIMESTAMP":1542877861}
{"MES_ID":"SS-3108","HUB_ID":"TUNAM","TEMP":28,"HUMI":85,"LIGHT":274,"WATER_EMPTY":"NO","RSSI":36,"TIMESTAMP":1542877861}
{"MES_ID":"HW-622","HUB_ID":"TUNAM","TIMESTAMP":1542877817,"TYPE":"RESPONSE","MIST":"off","FAN":"off","LIGHT":"off"}
{"MES_ID":"SS-3109","HUB_ID":"TUNAM","TEMP":28,"HUMI":85,"LIGHT":273,"WATER_EMPTY":"NO","RSSI":38,"TIMESTAMP":1542877871}
{"MES_ID":"SS-3110","HUB_ID":"TUNAM","TEMP":28,"HUMI":85,"LIGHT":270,"WATER_EMPTY":"NO","RSSI":36,"TIMESTAMP":1542877882}
{"MES_ID":"SS-3111","HUB_ID":"TUNAM","TEMP":28,"HUMI":85,"LIGHT":273,"WATER_EMPTY":"NO","RSSI":32,"TIMESTAMP":1542877894}
{"MES_ID":"SS-3111","HUB_ID":"TUNAM","TEMP":28,"HUMI":85,"LIGHT":273,"WATER_EMPTY":"NO","RSSI":32,"TIMESTAMP":1542877894}
{"MES_ID":"HW-622","HUB_ID":"TUNAM","TIMESTAMP":1542877817,"TYPE":"RESPONSE","MIST":"off","FAN":"off","LIGHT":"off"}
{"MES_ID":"HW-623","HUB_ID":"TUNAM","TIMESTAMP":1542877906,"TYPE":"RESPONSE","MIST":"off","FAN":"on","LIGHT":"off"}
{"MES_ID":"HW-624","HUB_ID":"TUNAM","TIMESTAMP":1542877907,"TYPE":"RESPONSE","MIST":"off","FAN":"off","LIGHT":"off"}
{"MES_ID":"HW-625","HUB_ID":"TUNAM","TIMESTAMP":1542877909,"TYPE":"RESPONSE","MIST":"on","FAN":"off","LIGHT":"off"}
{"MES_ID":"SS-3112","HUB_ID":"TUNAM","TEMP":28,"HUMI":85,"LIGHT":275,"WATER_EMPTY":"NO","RSSI":32,"TIMESTAMP":1542877911}
{"MES_ID":"SS-3113","HUB_ID":"TUNAM","TEMP":28,"HUMI":85,"LIGHT":275,"WATER_EMPTY":"NO","RSSI":32,"TIMESTAMP":1542877914}
{"MES_ID":"SS-3114","HUB_ID":"TUNAM","TEMP":28,"HUMI":85,"LIGHT":274,"WATER_EMPTY":"NO","RSSI":32,"TIMESTAMP":1542877918}
{"MES_ID":"SS-3115","HUB_ID":"TUNAM","TEMP":28,"HUMI":85,"LIGHT":274,"WATER_EMPTY":"NO","RSSI":32,"TIMESTAMP":1542877923}
{"MES_ID":"SS-3116","HUB_ID":"TUNAM","TEMP":28,"HUMI":85,"LIGHT":274,"WATER_EMPTY":"NO","RSSI":36,"TIMESTAMP":1542877929}
{"MES_ID":"SS-3117","HUB_ID":"TUNAM","TEMP":28,"HUMI":85,"LIGHT":275,"WATER_EMPTY":"NO","RSSI":32,"TIMESTAMP":1542877936}
{"MES_ID":"SS-3118","HUB_ID":"TUNAM","TEMP":28,"HUMI":85,"LIGHT":275,"WATER_EMPTY":"NO","RSSI":34,"TIMESTAMP":1542877944}
{"MES_ID":"SS-3119","HUB_ID":"TUNAM","TEMP":28,"HUMI":85,"LIGHT":274,"WATER_EMPTY":"NO","RSSI":36,"TIMESTAMP":1542877953}
{"MES_ID":"HW-626","HUB_ID":"TUNAM","TIMESTAMP":1542877961,"TYPE":"RESPONSE","MIST":"off","FAN":"off","LIGHT":"off"}
{"MES_ID":"SS-3120","HUB_ID":"TUNAM","TEMP":28,"HUMI":85,"LIGHT":275,"WATER_EMPTY":"NO","RSSI":34,"TIMESTAMP":1542877963}
{"MES_ID":"SS-3121","HUB_ID":"TUNAM","TEMP":28,"HUMI":85,"LIGHT":275,"WATER_EMPTY":"NO","RSSI":34,"TIMESTAMP":1542877966}
{"MES_ID":"SS-3122","HUB_ID":"TUNAM","TEMP":28,"HUMI":85,"LIGHT":275,"WATER_EMPTY":"NO","RSSI":32,"TIMESTAMP":1542877970}
{"MES_ID":"SS-3123","HUB_ID":"TUNAM","TEMP":28,"HUMI":85,"LIGHT":274,"WATER_EMPTY":"NO","RSSI":32,"TIMESTAMP":1542877975}
{"MES_ID":"SS-3124","HUB_ID":"TUNAM","TEMP":28,"HUMI":85,"LIGHT":275,"WATER_EMPTY":"NO","RSSI":32,"TIMESTAMP":1542877981}
{"MES_ID":"SS-3125","HUB_ID":"TUNAM","TEMP":28,"HUMI":85,"LIGHT":274,"WATER_EMPTY":"NO","RSSI":28,"TIMESTAMP":1542877988}
{"MES_ID":"SS-3126","HUB_ID":"TUNAM","TEMP":28,"HUMI":85,"LIGHT":274,"WATER_EMPTY":"NO","RSSI":34,"TIMESTAMP":1542877996}
{"MES_ID":"SS-3127","HUB_ID":"TUNAM","TEMP":28,"HUMI":85,"LIGHT":274,"WATER_EMPTY":"NO","RSSI":30,"TIMESTAMP":1542878005}
{"MES_ID":"SS-3128","HUB_ID":"TUNAM","TEMP":28,"HUMI":85,"LIGHT":270,"WATER_EMPTY":"NO","RSSI":32,"TIMESTAMP":1542878015}
{"MES_ID":"SS-3129","HUB_ID":"TUNAM","TEMP":28,"HUMI":85,"LIGHT":270,"WATER_EMPTY":"NO","RSSI":32,"TIMESTAMP":1542878026}
{"MES_ID":"SS-3130","HUB_ID":"TUNAM","TEMP":28,"HUMI":85,"LIGHT":276,"WATER_EMPTY":"NO","RSSI":34,"TIMESTAMP":1542878038}
{"MES_ID":"SS-3131","HUB_ID":"TUNAM","TEMP":28,"HUMI":85,"LIGHT":276,"WATER_EMPTY":"NO","RSSI":32,"TIMESTAMP":1542878051}
{"MES_ID":"SS-3132","HUB_ID":"TUNAM","TEMP":28,"HUMI":85,"LIGHT":274,"WATER_EMPTY":"NO","RSSI":30,"TIMESTAMP":1542878065}
{"MES_ID":"SS-3147","HUB_ID":"TUNAM","TEMP":28,"HUMI":86,"LIGHT":275,"WATER_EMPTY":"NO","RSSI":40,"TIMESTAMP":1542878302}
{"MES_ID":"HW-627","HUB_ID":"TUNAM","TIMESTAMP":1542878282,"TYPE":"RESPONSE","MIST":"off","FAN":"off","LIGHT":"on"}
{"MES_ID":"SS-3148","HUB_ID":"TUNAM","TEMP":28,"HUMI":86,"LIGHT":276,"WATER_EMPTY":"NO","RSSI":34,"TIMESTAMP":1542878309}
{"MES_ID":"SS-3149","HUB_ID":"TUNAM","TEMP":28,"HUMI":86,"LIGHT":275,"WATER_EMPTY":"NO","RSSI":34,"TIMESTAMP":1542878317}
{"MES_ID":"SS-3150","HUB_ID":"TUNAM","TEMP":28,"HUMI":86,"LIGHT":276,"WATER_EMPTY":"NO","RSSI":36,"TIMESTAMP":1542878326}
{"MES_ID":"SS-3151","HUB_ID":"TUNAM","TEMP":28,"HUMI":85,"LIGHT":276,"WATER_EMPTY":"NO","RSSI":32,"TIMESTAMP":1542878336}
{"MES_ID":"HW-628","HUB_ID":"TUNAM","TIMESTAMP":1542878337,"TYPE":"RESPONSE","MIST":"off","FAN":"off","LIGHT":"off"}
{"MES_ID":"SS-3152","HUB_ID":"TUNAM","TEMP":28,"HUMI":85,"LIGHT":276,"WATER_EMPTY":"NO","RSSI":36,"TIMESTAMP":1542878339}
{"MES_ID":"SS-3153","HUB_ID":"TUNAM","TEMP":28,"HUMI":85,"LIGHT":275,"WATER_EMPTY":"NO","RSSI":36,"TIMESTAMP":1542878342}
{"MES_ID":"SS-3154","HUB_ID":"TUNAM","TEMP":28,"HUMI":85,"LIGHT":275,"WATER_EMPTY":"NO","RSSI":36,"TIMESTAMP":1542878346}
{"MES_ID":"SS-3155","HUB_ID":"TUNAM","TEMP":28,"HUMI":85,"LIGHT":275,"WATER_EMPTY":"NO","RSSI":36,"TIMESTAMP":1542878351}
{"MES_ID":"SS-3156","HUB_ID":"TUNAM","TEMP":28,"HUMI":85,"LIGHT":275,"WATER_EMPTY":"NO","RSSI":36,"TIMESTAMP":1542878357}
{"MES_ID":"SS-3157","HUB_ID":"TUNAM","TEMP":28,"HUMI":85,"LIGHT":275,"WATER_EMPTY":"NO","RSSI":30,"TIMESTAMP":1542878364}
{"MES_ID":"SS-3158","HUB_ID":"TUNAM","TEMP":28,"HUMI":84,"LIGHT":275,"WATER_EMPTY":"NO","RSSI":32,"TIMESTAMP":1542878372}
{"MES_ID":"SS-3159","HUB_ID":"TUNAM","TEMP":28,"HUMI":84,"LIGHT":275,"WATER_EMPTY":"NO","RSSI":32,"TIMESTAMP":1542878381}
{"MES_ID":"SS-3160","HUB_ID":"TUNAM","TEMP":28,"HUMI":85,"LIGHT":276,"WATER_EMPTY":"NO","RSSI":36,"TIMESTAMP":1542878391}
{"MES_ID":"SS-3161","HUB_ID":"TUNAM","TEMP":28,"HUMI":85,"LIGHT":274,"WATER_EMPTY":"NO","RSSI":48,"TIMESTAMP":1542878402}
{"MES_ID":"SS-3162","HUB_ID":"TUNAM","TEMP":27,"HUMI":85,"LIGHT":274,"WATER_EMPTY":"NO","RSSI":46,"TIMESTAMP":1542878414}
{"MES_ID":"SS-3163","HUB_ID":"TUNAM","TEMP":27,"HUMI":85,"LIGHT":21,"WATER_EMPTY":"NO","RSSI":42,"TIMESTAMP":1542878427}
{"MES_ID":"SS-3164","HUB_ID":"TUNAM","TEMP":27,"HUMI":85,"LIGHT":267,"WATER_EMPTY":"NO","RSSI":44,"TIMESTAMP":1542878441}
{"MES_ID":"SS-3165","HUB_ID":"TUNAM","TEMP":27,"HUMI":85,"LIGHT":275,"WATER_EMPTY":"NO","RSSI":36,"TIMESTAMP":1542878456}
{"MES_ID":"SS-3166","HUB_ID":"TUNAM","TEMP":27,"HUMI":84,"LIGHT":275,"WATER_EMPTY":"NO","RSSI":36,"TIMESTAMP":1542878472}
{"MES_ID":"SS-3167","HUB_ID":"TUNAM","TEMP":27,"HUMI":84,"LIGHT":275,"WATER_EMPTY":"NO","RSSI":40,"TIMESTAMP":1542878489}
{"MES_ID":"HW-629","HUB_ID":"TUNAM","TIMESTAMP":1542878498,"TYPE":"RESPONSE","MIST":"off","FAN":"off","LIGHT":"on"}
{"MES_ID":"SS-3168","HUB_ID":"TUNAM","TEMP":27,"HUMI":84,"LIGHT":275,"WATER_EMPTY":"NO","RSSI":48,"TIMESTAMP":1542878500}
{"MES_ID":"SS-3169","HUB_ID":"TUNAM","TEMP":27,"HUMI":84,"LIGHT":277,"WATER_EMPTY":"NO","RSSI":40,"TIMESTAMP":1542878503}
{"MES_ID":"SS-3170","HUB_ID":"TUNAM","TEMP":27,"HUMI":84,"LIGHT":276,"WATER_EMPTY":"NO","RSSI":38,"TIMESTAMP":1542878507}
{"MES_ID":"SS-3171","HUB_ID":"TUNAM","TEMP":27,"HUMI":84,"LIGHT":276,"WATER_EMPTY":"NO","RSSI":38,"TIMESTAMP":1542878512}
{"MES_ID":"SS-3172","HUB_ID":"TUNAM","TEMP":27,"HUMI":84,"LIGHT":275,"WATER_EMPTY":"NO","RSSI":34,"TIMESTAMP":1542878518}
{"MES_ID":"SS-1","HUB_ID":"TUNAM","TEMP":27,"HUMI":85,"LIGHT":274,"WATER_EMPTY":"NO","RSSI":38,"TIMESTAMP":1542878565}
{"MES_ID":"SS-2","HUB_ID":"TUNAM","TEMP":27,"HUMI":85,"LIGHT":274,"WATER_EMPTY":"NO","RSSI":34,"TIMESTAMP":1542878568}
{"MES_ID":"SS-3","HUB_ID":"TUNAM","TEMP":27,"HUMI":85,"LIGHT":274,"WATER_EMPTY":"NO","RSSI":34,"TIMESTAMP":1542878572}
{"MES_ID":"SS-4","HUB_ID":"TUNAM","TEMP":27,"HUMI":85,"LIGHT":274,"WATER_EMPTY":"NO","RSSI":36,"TIMESTAMP":1542878577}
{"MES_ID":"SS-5","HUB_ID":"TUNAM","TEMP":27,"HUMI":85,"LIGHT":274,"WATER_EMPTY":"NO","RSSI":38,"TIMESTAMP":1542878583}
{"MES_ID":"SS-6","HUB_ID":"TUNAM","TEMP":27,"HUMI":85,"LIGHT":274,"WATER_EMPTY":"NO","RSSI":38,"TIMESTAMP":1542878590}
{"MES_ID":"SS-7","HUB_ID":"TUNAM","TEMP":27,"HUMI":84,"LIGHT":274,"WATER_EMPTY":"NO","RSSI":36,"TIMESTAMP":1542878598}
{"MES_ID":"SS-8","HUB_ID":"TUNAM","TEMP":27,"HUMI":84,"LIGHT":274,"WATER_EMPTY":"NO","RSSI":36,"TIMESTAMP":1542878607}
{"MES_ID":"SS-8","HUB_ID":"TUNAM","TEMP":27,"HUMI":84,"LIGHT":274,"WATER_EMPTY":"NO","RSSI":36,"TIMESTAMP":1542878607}
{"MES_ID":"HW-629","HUB_ID":"TUNAM","TIMESTAMP":1542878498,"TYPE":"RESPONSE","MIST":"off","FAN":"off","LIGHT":"on"}
{"MES_ID":"SS-9","HUB_ID":"TUNAM","TEMP":27,"HUMI":84,"LIGHT":274,"WATER_EMPTY":"NO","RSSI":32,"TIMESTAMP":1542878617}
{"MES_ID":"SS-10","HUB_ID":"TUNAM","TEMP":27,"HUMI":84,"LIGHT":275,"WATER_EMPTY":"NO","RSSI":36,"TIMESTAMP":1542878628}
{"MES_ID":"SS-11","HUB_ID":"TUNAM","TEMP":27,"HUMI":84,"LIGHT":274,"WATER_EMPTY":"NO","RSSI":46,"TIMESTAMP":1542878640}
{"MES_ID":"SS-12","HUB_ID":"TUNAM","TEMP":27,"HUMI":83,"LIGHT":274,"WATER_EMPTY":"NO","RSSI":42,"TIMESTAMP":1542878653}
{"MES_ID":"SS-13","HUB_ID":"TUNAM","TEMP":27,"HUMI":83,"LIGHT":273,"WATER_EMPTY":"NO","RSSI":46,"TIMESTAMP":1542878667}
{"MES_ID":"SS-1","HUB_ID":"TUNAM","TEMP":0,"HUMI":0,"LIGHT":0,"WATER_EMPTY":"YES","RSSI":48,"TIMESTAMP":1542878681}
{"MES_ID":"SS-2","HUB_ID":"TUNAM","TEMP":0,"HUMI":0,"LIGHT":0,"WATER_EMPTY":"NO","RSSI":36,"TIMESTAMP":1542878683}
{"MES_ID":"SS-3","HUB_ID":"TUNAM","TEMP":0,"HUMI":0,"LIGHT":0,"WATER_EMPTY":"NO","RSSI":46,"TIMESTAMP":1542878686}
{"MES_ID":"SS-4","HUB_ID":"TUNAM","TEMP":0,"HUMI":0,"LIGHT":0,"WATER_EMPTY":"NO","RSSI":38,"TIMESTAMP":1542878690}
{"MES_ID":"SS-5","HUB_ID":"TUNAM","TEMP":0,"HUMI":0,"LIGHT":0,"WATER_EMPTY":"NO","RSSI":50,"TIMESTAMP":1542878695}
{"MES_ID":"SS-1","HUB_ID":"TUNAM","TEMP":27,"HUMI":85,"LIGHT":0,"WATER_EMPTY":"NO","RSSI":32,"TIMESTAMP":1542878733}
{"MES_ID":"SS-2","HUB_ID":"TUNAM","TEMP":27,"HUMI":85,"LIGHT":0,"WATER_EMPTY":"NO","RSSI":36,"TIMESTAMP":1542878736}
{"MES_ID":"SS-3","HUB_ID":"TUNAM","TEMP":27,"HUMI":85,"LIGHT":0,"WATER_EMPTY":"NO","RSSI":34,"TIMESTAMP":1542878740}
{"MES_ID":"SS-4","HUB_ID":"TUNAM","TEMP":27,"HUMI":84,"LIGHT":0,"WATER_EMPTY":"NO","RSSI":34,"TIMESTAMP":1542878745}
{"MES_ID":"SS-5","HUB_ID":"TUNAM","TEMP":27,"HUMI":84,"LIGHT":0,"WATER_EMPTY":"NO","RSSI":34,"TIMESTAMP":1542878751}
{"MES_ID":"SS-6","HUB_ID":"TUNAM","TEMP":27,"HUMI":84,"LIGHT":0,"WATER_EMPTY":"NO","RSSI":28,"TIMESTAMP":1542878758}
{"MES_ID":"SS-7","HUB_ID":"TUNAM","TEMP":27,"HUMI":84,"LIGHT":0,"WATER_EMPTY":"NO","RSSI":30,"TIMESTAMP":1542878766}
{"MES_ID":"SS-8","HUB_ID":"TUNAM","TEMP":27,"HUMI":84,"LIGHT":0,"WATER_EMPTY":"NO","RSSI":30,"TIMESTAMP":1542878775}
{"MES_ID":"SS-9","HUB_ID":"TUNAM","TEMP":27,"HUMI":83,"LIGHT":0,"WATER_EMPTY":"NO","RSSI":32,"TIMESTAMP":1542878785}
{"MES_ID":"SS-10","HUB_ID":"TUNAM","TEMP":27,"HUMI":83,"LIGHT":0,"WATER_EMPTY":"NO","RSSI":32,"TIMESTAMP":1542878796}
{"MES_ID":"SS-11","HUB_ID":"TUNAM","TEMP":27,"HUMI":83,"LIGHT":0,"WATER_EMPTY":"NO","RSSI":38,"TIMESTAMP":1542878808}
{"MES_ID":"SS-12","HUB_ID":"TUNAM","TEMP":27,"HUMI":83,"LIGHT":0,"WATER_EMPTY":"NO","RSSI":32,"TIMESTAMP":1542878821}
{"MES_ID":"SS-13","HUB_ID":"TUNAM","TEMP":27,"HUMI":82,"LIGHT":0,"WATER_EMPTY":"NO","RSSI":34,"TIMESTAMP":1542878835}
{"MES_ID":"SS-14","HUB_ID":"TUNAM","TEMP":27,"HUMI":82,"LIGHT":0,"WATER_EMPTY":"NO","RSSI":38,"TIMESTAMP":1542878850}
{"MES_ID":"SS-15","HUB_ID":"TUNAM","TEMP":27,"HUMI":82,"LIGHT":0,"WATER_EMPTY":"NO","RSSI":34,"TIMESTAMP":1542878866}
{"MES_ID":"SS-16","HUB_ID":"TUNAM","TEMP":27,"HUMI":82,"LIGHT":0,"WATER_EMPTY":"NO","RSSI":36,"TIMESTAMP":1542878883}
{"MES_ID":"SS-17","HUB_ID":"TUNAM","TEMP":27,"HUMI":82,"LIGHT":0,"WATER_EMPTY":"NO","RSSI":34,"TIMESTAMP":1542878901}
{"MES_ID":"SS-18","HUB_ID":"TUNAM","TEMP":27,"HUMI":81,"LIGHT":0,"WATER_EMPTY":"NO","RSSI":32,"TIMESTAMP":1542878920}
{"MES_ID":"SS-19","HUB_ID":"TUNAM","TEMP":27,"HUMI":81,"LIGHT":0,"WATER_EMPTY":"NO","RSSI":30,"TIMESTAMP":1542878940}
{"MES_ID":"SS-20","HUB_ID":"TUNAM","TEMP":27,"HUMI":81,"LIGHT":0,"WATER_EMPTY":"NO","RSSI":32,"TIMESTAMP":1542878961}
{"MES_ID":"SS-21","HUB_ID":"TUNAM","TEMP":27,"HUMI":81,"LIGHT":0,"WATER_EMPTY":"NO","RSSI":34,"TIMESTAMP":1542878983}
{"MES_ID":"SS-22","HUB_ID":"TUNAM","TEMP":27,"HUMI":81,"LIGHT":0,"WATER_EMPTY":"NO","RSSI":34,"TIMESTAMP":1542879006}
{"MES_ID":"SS-23","HUB_ID":"TUNAM","TEMP":27,"HUMI":80,"LIGHT":0,"WATER_EMPTY":"NO","RSSI":34,"TIMESTAMP":1542879030}
{"MES_ID":"SS-24","HUB_ID":"TUNAM","TEMP":27,"HUMI":80,"LIGHT":0,"WATER_EMPTY":"NO","RSSI":30,"TIMESTAMP":1542879055}
{"MES_ID":"SS-25","HUB_ID":"TUNAM","TEMP":27,"HUMI":80,"LIGHT":0,"WATER_EMPTY":"NO","RSSI":32,"TIMESTAMP":1542879081}
{"MES_ID":"SS-26","HUB_ID":"TUNAM","TEMP":27,"HUMI":80,"LIGHT":0,"WATER_EMPTY":"NO","RSSI":32,"TIMESTAMP":1542879108}
{"MES_ID":"HW-629","HUB_ID":"TUNAM","TIMESTAMP":1542878498,"TYPE":"RESPONSE","MIST":"off","FAN":"off","LIGHT":"on"}
{"MES_ID":"SS-27","HUB_ID":"TUNAM","TEMP":27,"HUMI":79,"LIGHT":0,"WATER_EMPTY":"NO","RSSI":34,"TIMESTAMP":1542879136}
{"MES_ID":"SS-28","HUB_ID":"TUNAM","TEMP":27,"HUMI":79,"LIGHT":0,"WATER_EMPTY":"NO","RSSI":28,"TIMESTAMP":1542879165}
{"MES_ID":"SS-29","HUB_ID":"TUNAM","TEMP":27,"HUMI":79,"LIGHT":0,"WATER_EMPTY":"NO","RSSI":28,"TIMESTAMP":1542879195}
{"MES_ID":"SS-29","HUB_ID":"TUNAM","TEMP":27,"HUMI":79,"LIGHT":0,"WATER_EMPTY":"NO","RSSI":28,"TIMESTAMP":1542879195}
{"MES_ID":"HW-629","HUB_ID":"TUNAM","TIMESTAMP":1542878498,"TYPE":"RESPONSE","MIST":"off","FAN":"off","LIGHT":"on"}
{"MES_ID":"SS-30","HUB_ID":"TUNAM","TEMP":27,"HUMI":79,"LIGHT":0,"WATER_EMPTY":"NO","RSSI":30,"TIMESTAMP":1542879225}
{"MES_ID":"SS-31","HUB_ID":"TUNAM","TEMP":27,"HUMI":79,"LIGHT":0,"WATER_EMPTY":"NO","RSSI":34,"TIMESTAMP":1542879255}
{"MES_ID":"SS-32","HUB_ID":"TUNAM","TEMP":27,"HUMI":79,"LIGHT":0,"WATER_EMPTY":"NO","RSSI":38,"TIMESTAMP":1542879285}
{"MES_ID":"SS-33","HUB_ID":"TUNAM","TEMP":27,"HUMI":78,"LIGHT":0,"WATER_EMPTY":"NO","RSSI":36,"TIMESTAMP":1542879315}
