{"HUB_ID":"TUNAM","Content":"Light off","From":"APP","Timestamp":"1542981607"}
{"HUB_ID":"TUNAM","Content":"Light on","From":"APP","Timestamp":"1542981622"}
{"HUB_ID":"TUNAM","Content":"Light off","From":"APP","Timestamp":"1542981646"}
{"HUB_ID":"TUNAM","Content":"Light on","From":"APP","Timestamp":"1542981647"}
{"HUB_ID":"TUNAM","Content":"Light off","From":"APP","Timestamp":"1542981724"}
{"HUB_ID":"TUNAM","Content":"Fan_Mix on","From":"HUB","Timestamp":"1542981752"}
{"HUB_ID":"TUNAM","Content":"Light on","From":"HUB","Timestamp":"1542981784"}
{"HUB_ID":"TUNAM","Content":"Light off","From":"APP","Timestamp":"1542981867"}
{"HUB_ID":"TUNAM","Content":"Light on","From":"APP","Timestamp":"1542981894"}
{"HUB_ID":"TUNAM","Content":"Light off","From":"APP","Timestamp":"1542981919"}
{"HUB_ID":"TUNAM","Content":"Light on","From":"APP","Timestamp":"1542981922"}
{"HUB_ID":"TUNAM","Content":"Light off","From":"APP","Timestamp":"1542981980"}
{"HUB_ID":"TUNAM","Content":"Light on","From":"APP","Timestamp":"1542981985"}
{"HUB_ID":"TUNAM","Content":"Light off","From":"APP","Timestamp":"1542982036"}
{"HUB_ID":"TUNAM","Content":"Light on","From":"HUB","Timestamp":"1542982096"}
{"HUB_ID":"TUNAM","Content":"Fan_Mix off","From":"HUB","Timestamp":"1542982112"}
{"HUB_ID":"TUNAM","Content":"Light off","From":"APP","Timestamp":"1542982113"}
{"HUB_ID":"TUNAM","Content":"Light on","From":"APP","Timestamp":"1542982114"}
{"HUB_ID":"TUNAM","Content":"Light off","From":"APP","Timestamp":"1542982140"}
{"HUB_ID":"TUNAM","Content":"Light on","From":"APP","Timestamp":"1542982144"}
{"HUB_ID":"TUNAM","Content":"Light off","From":"APP","Timestamp":"1542982207"}
{"HUB_ID":"TUNAM","Content":"Light on","From":"APP","Timestamp":"1542982212"}
{"HUB_ID":"TUNAM","Content":"Light off","From":"APP","Timestamp":"1542982271"}
{"HUB_ID":"TUNAM","Content":"Light on","From":"HUB","Timestamp":"1542982331"}
